*** Starting uWSGI 1.4.5 (64bit) on [Wed Jan 29 13:39:01 2014] ***
compiled with version: 4.1.2 20080704 (Red Hat 4.1.2-48) on 04 February 2013 18:06:41
os: Linux-2.6.32-358.18.1.el6.x86_64 #1 SMP Wed Aug 28 17:19:38 UTC 2013
nodename: twig
machine: x86_64
clock source: unix
pcre jit disabled
detected number of CPU cores: 24
current working directory: /vol/model-prod/mine-server
writing pidfile to /vol/model-prod/mine-server/service/pid2
detected binary path: /vol/kbase/runtime/bin/uwsgi
your processes number limit is 1024
your memory page size is 4096 bytes
detected max file descriptor number: 1024
lock engine: pthread robust mutexes
uWSGI http bound on :7074 fd 4
uwsgi socket 0 bound to TCP address 127.0.0.1:48820 (port auto-assigned) fd 3
Python version: 2.7.3 (default, Feb  4 2013, 17:36:15)  [GCC 4.1.2 20080704 (Red Hat 4.1.2-48)]
*** Python threads support is disabled. You can enable it with --enable-threads ***
Python main interpreter initialized at 0x1ec1110
your server socket listen backlog is limited to 100 connections
mapped 1520904 bytes (1485 KB) for 20 cores
*** Operational MODE: preforking ***
Traceback (most recent call last):
  File "/vol/model-prod/mine-server/lib/biokbase/mine_database/Server.py", line 40, in <module>
    from biokbase.mine_database.Impl import mineDatabaseServices
  File "/vol/model-prod/mine-server/lib/biokbase/mine_database/Impl.py", line 3, in <module>
    import BatchAdductQuery
  File "/vol/model-prod/mine-server/lib/biokbase/mine_database/BatchAdductQuery.py", line 15, in <module>
    import xlrd
ImportError: No module named xlrd
unable to load app 0 (mountpoint='') (callable not found or import error)
*** no app loaded. going in full dynamic mode ***
*** uWSGI is running in multiple interpreter mode ***
spawned uWSGI master process (pid: 27453)
spawned uWSGI worker 1 (pid: 27458, cores: 1)
spawned uWSGI worker 2 (pid: 27459, cores: 1)
spawned uWSGI worker 3 (pid: 27460, cores: 1)
spawned uWSGI worker 4 (pid: 27461, cores: 1)
spawned uWSGI http 1 (pid: 27462)
SIGINT/SIGQUIT received...killing workers...
goodbye to uWSGI.
*** Starting uWSGI 1.4.5 (64bit) on [Wed Jan 29 13:39:50 2014] ***
compiled with version: 4.1.2 20080704 (Red Hat 4.1.2-48) on 04 February 2013 18:06:41
os: Linux-2.6.32-358.18.1.el6.x86_64 #1 SMP Wed Aug 28 17:19:38 UTC 2013
nodename: twig
machine: x86_64
clock source: unix
pcre jit disabled
detected number of CPU cores: 24
current working directory: /vol/model-prod/mine-server
writing pidfile to /vol/model-prod/mine-server/service/pid2
detected binary path: /vol/kbase/runtime/bin/uwsgi
your processes number limit is 1024
your memory page size is 4096 bytes
detected max file descriptor number: 1024
lock engine: pthread robust mutexes
uWSGI http bound on :7074 fd 4
uwsgi socket 0 bound to TCP address 127.0.0.1:47380 (port auto-assigned) fd 3
Python version: 2.7.3 (default, Feb  4 2013, 17:36:15)  [GCC 4.1.2 20080704 (Red Hat 4.1.2-48)]
*** Python threads support is disabled. You can enable it with --enable-threads ***
Python main interpreter initialized at 0x199b110
your server socket listen backlog is limited to 100 connections
mapped 1520904 bytes (1485 KB) for 20 cores
*** Operational MODE: preforking ***
Traceback (most recent call last):
  File "/vol/model-prod/mine-server/lib/biokbase/mine_database/Server.py", line 41, in <module>
    impl_mineDatabaseServices = mineDatabaseServices(config)
  File "/vol/model-prod/mine-server/lib/biokbase/mine_database/Impl.py", line 39, in __init__
    self.db_client = Utils.establish_db_client()
  File "/vol/model-prod/mine-server/lib/biokbase/mine_database/Utils.py", line 24, in establish_db_client
    raise IOError("Failed to load database client. Please verify that mongod is running")
IOError: Failed to load database client. Please verify that mongod is running
unable to load app 0 (mountpoint='') (callable not found or import error)
*** no app loaded. going in full dynamic mode ***
*** uWSGI is running in multiple interpreter mode ***
spawned uWSGI master process (pid: 27485)
spawned uWSGI worker 1 (pid: 27492, cores: 1)
spawned uWSGI worker 2 (pid: 27493, cores: 1)
spawned uWSGI worker 3 (pid: 27494, cores: 1)
spawned uWSGI worker 4 (pid: 27495, cores: 1)
spawned uWSGI http 1 (pid: 27496)
SIGINT/SIGQUIT received...killing workers...
goodbye to uWSGI.
*** Starting uWSGI 1.4.5 (64bit) on [Wed Jan 29 13:44:35 2014] ***
compiled with version: 4.1.2 20080704 (Red Hat 4.1.2-48) on 04 February 2013 18:06:41
os: Linux-2.6.32-358.18.1.el6.x86_64 #1 SMP Wed Aug 28 17:19:38 UTC 2013
nodename: twig
machine: x86_64
clock source: unix
pcre jit disabled
detected number of CPU cores: 24
current working directory: /vol/model-prod/mine-server
writing pidfile to /vol/model-prod/mine-server/service/pid2
detected binary path: /vol/kbase/runtime/bin/uwsgi
your processes number limit is 1024
your memory page size is 4096 bytes
detected max file descriptor number: 1024
lock engine: pthread robust mutexes
uWSGI http bound on :7074 fd 4
uwsgi socket 0 bound to TCP address 127.0.0.1:54538 (port auto-assigned) fd 3
Python version: 2.7.3 (default, Feb  4 2013, 17:36:15)  [GCC 4.1.2 20080704 (Red Hat 4.1.2-48)]
*** Python threads support is disabled. You can enable it with --enable-threads ***
Python main interpreter initialized at 0x27cd110
your server socket listen backlog is limited to 100 connections
mapped 1520904 bytes (1485 KB) for 20 cores
*** Operational MODE: preforking ***
Traceback (most recent call last):
  File "/vol/model-prod/mine-server/lib/biokbase/mine_database/Server.py", line 41, in <module>
    impl_mineDatabaseServices = mineDatabaseServices(config)
  File "/vol/model-prod/mine-server/lib/biokbase/mine_database/Impl.py", line 39, in __init__
    self.db_client = MongoClient(host='branch')
NameError: global name 'MongoClient' is not defined
unable to load app 0 (mountpoint='') (callable not found or import error)
*** no app loaded. going in full dynamic mode ***
*** uWSGI is running in multiple interpreter mode ***
spawned uWSGI master process (pid: 27574)
spawned uWSGI worker 1 (pid: 27579, cores: 1)
spawned uWSGI worker 2 (pid: 27580, cores: 1)
spawned uWSGI worker 3 (pid: 27581, cores: 1)
spawned uWSGI worker 4 (pid: 27582, cores: 1)
spawned uWSGI http 1 (pid: 27583)
SIGINT/SIGQUIT received...killing workers...
goodbye to uWSGI.
*** Starting uWSGI 1.4.5 (64bit) on [Wed Jan 29 13:45:51 2014] ***
compiled with version: 4.1.2 20080704 (Red Hat 4.1.2-48) on 04 February 2013 18:06:41
os: Linux-2.6.32-358.18.1.el6.x86_64 #1 SMP Wed Aug 28 17:19:38 UTC 2013
nodename: twig
machine: x86_64
clock source: unix
pcre jit disabled
detected number of CPU cores: 24
current working directory: /vol/model-prod/mine-server
writing pidfile to /vol/model-prod/mine-server/service/pid2
detected binary path: /vol/kbase/runtime/bin/uwsgi
your processes number limit is 1024
your memory page size is 4096 bytes
detected max file descriptor number: 1024
lock engine: pthread robust mutexes
uWSGI http bound on :7074 fd 4
uwsgi socket 0 bound to TCP address 127.0.0.1:34808 (port auto-assigned) fd 3
Python version: 2.7.3 (default, Feb  4 2013, 17:36:15)  [GCC 4.1.2 20080704 (Red Hat 4.1.2-48)]
*** Python threads support is disabled. You can enable it with --enable-threads ***
Python main interpreter initialized at 0x21ed110
your server socket listen backlog is limited to 100 connections
mapped 1520904 bytes (1485 KB) for 20 cores
*** Operational MODE: preforking ***
Traceback (most recent call last):
  File "/vol/model-prod/mine-server/lib/biokbase/mine_database/Server.py", line 41, in <module>
    impl_mineDatabaseServices = mineDatabaseServices(config)
  File "/vol/model-prod/mine-server/lib/biokbase/mine_database/Impl.py", line 43, in __init__
    kbase_db = self.db_client[config.kbase_db]
AttributeError: 'NoneType' object has no attribute 'kbase_db'
unable to load app 0 (mountpoint='') (callable not found or import error)
*** no app loaded. going in full dynamic mode ***
*** uWSGI is running in multiple interpreter mode ***
spawned uWSGI master process (pid: 27619)
spawned uWSGI worker 1 (pid: 27624, cores: 1)
spawned uWSGI worker 2 (pid: 27625, cores: 1)
spawned uWSGI worker 3 (pid: 27626, cores: 1)
spawned uWSGI worker 4 (pid: 27627, cores: 1)
spawned uWSGI http 1 (pid: 27628)
SIGINT/SIGQUIT received...killing workers...
goodbye to uWSGI.
*** Starting uWSGI 1.4.5 (64bit) on [Wed Jan 29 13:51:04 2014] ***
compiled with version: 4.1.2 20080704 (Red Hat 4.1.2-48) on 04 February 2013 18:06:41
os: Linux-2.6.32-358.18.1.el6.x86_64 #1 SMP Wed Aug 28 17:19:38 UTC 2013
nodename: twig
machine: x86_64
clock source: unix
pcre jit disabled
detected number of CPU cores: 24
current working directory: /vol/model-prod/mine-server
writing pidfile to /vol/model-prod/mine-server/service/pid2
detected binary path: /vol/kbase/runtime/bin/uwsgi
your processes number limit is 1024
your memory page size is 4096 bytes
detected max file descriptor number: 1024
lock engine: pthread robust mutexes
uWSGI http bound on :7074 fd 4
uwsgi socket 0 bound to TCP address 127.0.0.1:56972 (port auto-assigned) fd 3
Python version: 2.7.3 (default, Feb  4 2013, 17:36:15)  [GCC 4.1.2 20080704 (Red Hat 4.1.2-48)]
*** Python threads support is disabled. You can enable it with --enable-threads ***
Python main interpreter initialized at 0xb7d110
your server socket listen backlog is limited to 100 connections
mapped 1520904 bytes (1485 KB) for 20 cores
*** Operational MODE: preforking ***
Traceback (most recent call last):
  File "/vol/model-prod/mine-server/lib/biokbase/mine_database/Server.py", line 41, in <module>
    impl_mineDatabaseServices = mineDatabaseServices(config)
  File "/vol/model-prod/mine-server/lib/biokbase/mine_database/Impl.py", line 44, in __init__
    for model in kbase_db.models.find({}, {'Name': 1}):
  File "/vol/kbase/runtime/lib/python2.7/site-packages/pymongo/cursor.py", line 814, in next
    if len(self.__data) or self._refresh():
  File "/vol/kbase/runtime/lib/python2.7/site-packages/pymongo/cursor.py", line 763, in _refresh
    self.__uuid_subtype))
  File "/vol/kbase/runtime/lib/python2.7/site-packages/pymongo/cursor.py", line 720, in __send_message
    self.__uuid_subtype)
  File "/vol/kbase/runtime/lib/python2.7/site-packages/pymongo/helpers.py", line 105, in _unpack_response
    error_object["$err"])
pymongo.errors.OperationFailure: database error: db already exists with different case other: [KBase] me [Kbase]
unable to load app 0 (mountpoint='') (callable not found or import error)
*** no app loaded. going in full dynamic mode ***
*** uWSGI is running in multiple interpreter mode ***
spawned uWSGI master process (pid: 27706)
spawned uWSGI worker 1 (pid: 27711, cores: 1)
spawned uWSGI worker 2 (pid: 27712, cores: 1)
spawned uWSGI worker 3 (pid: 27713, cores: 1)
spawned uWSGI worker 4 (pid: 27714, cores: 1)
spawned uWSGI http 1 (pid: 27715)
SIGINT/SIGQUIT received...killing workers...
goodbye to uWSGI.
*** Starting uWSGI 1.4.5 (64bit) on [Wed Jan 29 13:51:41 2014] ***
compiled with version: 4.1.2 20080704 (Red Hat 4.1.2-48) on 04 February 2013 18:06:41
os: Linux-2.6.32-358.18.1.el6.x86_64 #1 SMP Wed Aug 28 17:19:38 UTC 2013
nodename: twig
machine: x86_64
clock source: unix
pcre jit disabled
detected number of CPU cores: 24
current working directory: /vol/model-prod/mine-server
writing pidfile to /vol/model-prod/mine-server/service/pid2
detected binary path: /vol/kbase/runtime/bin/uwsgi
your processes number limit is 1024
your memory page size is 4096 bytes
detected max file descriptor number: 1024
lock engine: pthread robust mutexes
uWSGI http bound on :7074 fd 4
uwsgi socket 0 bound to TCP address 127.0.0.1:55837 (port auto-assigned) fd 3
Python version: 2.7.3 (default, Feb  4 2013, 17:36:15)  [GCC 4.1.2 20080704 (Red Hat 4.1.2-48)]
*** Python threads support is disabled. You can enable it with --enable-threads ***
Python main interpreter initialized at 0x15e1110
your server socket listen backlog is limited to 100 connections
mapped 1520904 bytes (1485 KB) for 20 cores
*** Operational MODE: preforking ***
Traceback (most recent call last):
  File "/vol/model-prod/mine-server/lib/biokbase/mine_database/Server.py", line 41, in <module>
    impl_mineDatabaseServices = mineDatabaseServices(config)
  File "/vol/model-prod/mine-server/lib/biokbase/mine_database/Impl.py", line 46, in __init__
    with open('Positive Adducts full.txt') as infile:
IOError: [Errno 2] No such file or directory: 'Positive Adducts full.txt'
unable to load app 0 (mountpoint='') (callable not found or import error)
*** no app loaded. going in full dynamic mode ***
*** uWSGI is running in multiple interpreter mode ***
spawned uWSGI master process (pid: 27728)
spawned uWSGI worker 1 (pid: 27733, cores: 1)
spawned uWSGI worker 2 (pid: 27734, cores: 1)
spawned uWSGI worker 3 (pid: 27735, cores: 1)
spawned uWSGI worker 4 (pid: 27736, cores: 1)
spawned uWSGI http 1 (pid: 27737)
SIGINT/SIGQUIT received...killing workers...
goodbye to uWSGI.
*** Starting uWSGI 1.4.5 (64bit) on [Wed Jan 29 13:55:24 2014] ***
compiled with version: 4.1.2 20080704 (Red Hat 4.1.2-48) on 04 February 2013 18:06:41
os: Linux-2.6.32-358.18.1.el6.x86_64 #1 SMP Wed Aug 28 17:19:38 UTC 2013
nodename: twig
machine: x86_64
clock source: unix
pcre jit disabled
detected number of CPU cores: 24
current working directory: /vol/model-prod/mine-server
writing pidfile to /vol/model-prod/mine-server/service/pid2
detected binary path: /vol/kbase/runtime/bin/uwsgi
your processes number limit is 1024
your memory page size is 4096 bytes
detected max file descriptor number: 1024
lock engine: pthread robust mutexes
uWSGI http bound on :7074 fd 4
uwsgi socket 0 bound to TCP address 127.0.0.1:58281 (port auto-assigned) fd 3
Python version: 2.7.3 (default, Feb  4 2013, 17:36:15)  [GCC 4.1.2 20080704 (Red Hat 4.1.2-48)]
*** Python threads support is disabled. You can enable it with --enable-threads ***
Python main interpreter initialized at 0x22e1110
your server socket listen backlog is limited to 100 connections
mapped 1520904 bytes (1485 KB) for 20 cores
*** Operational MODE: preforking ***
WSGI app 0 (mountpoint='') ready in 1 seconds on interpreter 0x22e1110 pid: 27797 (default app)
*** uWSGI is running in multiple interpreter mode ***
spawned uWSGI master process (pid: 27797)
spawned uWSGI worker 1 (pid: 27802, cores: 1)
spawned uWSGI worker 2 (pid: 27803, cores: 1)
spawned uWSGI worker 3 (pid: 27804, cores: 1)
spawned uWSGI worker 4 (pid: 27805, cores: 1)
spawned uWSGI http 1 (pid: 27806)
[pid: 27804|app: 0|req: 1/1] 127.0.0.1 () {32 vars in 381 bytes} [Wed Jan 29 13:56:00 2014] POST / => generated 97 bytes in 57 msecs (HTTP/1.1 200) 4 headers in 148 bytes (1 switches on core 0)
[pid: 27804|app: 0|req: 2/2] 127.0.0.1 () {32 vars in 381 bytes} [Wed Jan 29 14:01:53 2014] POST / => generated 97 bytes in 48 msecs (HTTP/1.1 200) 4 headers in 148 bytes (1 switches on core 0)
[pid: 27804|app: 0|req: 3/3] 127.0.0.1 () {32 vars in 381 bytes} [Wed Jan 29 14:03:15 2014] POST / => generated 97 bytes in 42 msecs (HTTP/1.1 200) 4 headers in 148 bytes (1 switches on core 0)
[pid: 27804|app: 0|req: 4/4] 127.0.0.1 () {32 vars in 381 bytes} [Wed Jan 29 14:04:36 2014] POST / => generated 97 bytes in 43 msecs (HTTP/1.1 200) 4 headers in 148 bytes (1 switches on core 0)
[pid: 27804|app: 0|req: 5/5] 127.0.0.1 () {32 vars in 381 bytes} [Wed Jan 29 14:04:36 2014] POST / => generated 97 bytes in 40 msecs (HTTP/1.1 200) 4 headers in 148 bytes (1 switches on core 0)
[pid: 27802|app: 0|req: 1/6] 127.0.0.1 () {32 vars in 381 bytes} [Wed Jan 29 14:11:02 2014] POST / => generated 96 bytes in 48 msecs (HTTP/1.1 200) 4 headers in 148 bytes (1 switches on core 0)
[pid: 27802|app: 0|req: 2/7] 127.0.0.1 () {32 vars in 381 bytes} [Wed Jan 29 14:11:02 2014] POST / => generated 97 bytes in 38 msecs (HTTP/1.1 200) 4 headers in 148 bytes (1 switches on core 0)
[pid: 27802|app: 0|req: 3/8] 127.0.0.1 () {32 vars in 381 bytes} [Wed Jan 29 14:11:02 2014] POST / => generated 97 bytes in 35 msecs (HTTP/1.1 200) 4 headers in 148 bytes (1 switches on core 0)
[pid: 27804|app: 0|req: 6/9] 192.5.200.103 () {40 vars in 910 bytes} [Wed Jan 29 15:14:08 2014] GET /services/mine-database => generated 129 bytes in 16 msecs (HTTP/1.0 500) 4 headers in 168 bytes (1 switches on core 0)
[pid: 27804|app: 0|req: 7/10] 192.5.200.103 () {40 vars in 910 bytes} [Wed Jan 29 15:14:11 2014] GET /services/mine-database => generated 129 bytes in 1 msecs (HTTP/1.0 500) 4 headers in 168 bytes (1 switches on core 0)
[pid: 27805|app: 0|req: 1/11] 192.5.200.103 () {32 vars in 436 bytes} [Wed Jan 29 15:20:01 2014] POST /services/mine-database => generated 98 bytes in 54 msecs (HTTP/1.0 200) 4 headers in 148 bytes (1 switches on core 0)
[pid: 27805|app: 0|req: 2/12] 192.5.200.103 () {32 vars in 436 bytes} [Wed Jan 29 15:20:01 2014] POST /services/mine-database => generated 97 bytes in 37 msecs (HTTP/1.0 200) 4 headers in 148 bytes (1 switches on core 0)
[pid: 27803|app: 0|req: 1/13] 192.5.200.103 () {32 vars in 436 bytes} [Wed Jan 29 15:20:01 2014] POST /services/mine-database => generated 97 bytes in 43 msecs (HTTP/1.0 200) 4 headers in 148 bytes (1 switches on core 0)
[pid: 27803|app: 0|req: 2/14] 192.5.200.103 () {32 vars in 436 bytes} [Wed Jan 29 15:21:18 2014] POST /services/mine-database => generated 97 bytes in 41 msecs (HTTP/1.0 200) 4 headers in 148 bytes (1 switches on core 0)
[pid: 27803|app: 0|req: 3/15] 192.5.200.103 () {32 vars in 436 bytes} [Wed Jan 29 15:21:19 2014] POST /services/mine-database => generated 97 bytes in 38 msecs (HTTP/1.0 200) 4 headers in 148 bytes (1 switches on core 0)
[pid: 27803|app: 0|req: 4/16] 192.5.200.103 () {32 vars in 436 bytes} [Wed Jan 29 15:21:19 2014] POST /services/mine-database => generated 97 bytes in 35 msecs (HTTP/1.0 200) 4 headers in 148 bytes (1 switches on core 0)
[pid: 27802|app: 0|req: 4/17] 192.5.200.103 () {32 vars in 435 bytes} [Wed Jan 29 15:21:19 2014] POST /services/mine-database => generated 120709 bytes in 5 msecs (HTTP/1.0 200) 4 headers in 152 bytes (1 switches on core 0)
[pid: 27804|app: 0|req: 8/18] 192.5.200.103 () {32 vars in 436 bytes} [Wed Jan 29 15:46:25 2014] POST /services/mine-database => generated 96 bytes in 50 msecs (HTTP/1.0 200) 4 headers in 148 bytes (1 switches on core 0)
[pid: 27802|app: 0|req: 5/19] 192.5.200.103 () {32 vars in 436 bytes} [Wed Jan 29 15:46:25 2014] POST /services/mine-database => generated 97 bytes in 43 msecs (HTTP/1.0 200) 4 headers in 148 bytes (1 switches on core 0)
[pid: 27802|app: 0|req: 6/20] 192.5.200.103 () {32 vars in 436 bytes} [Wed Jan 29 15:46:25 2014] POST /services/mine-database => generated 97 bytes in 37 msecs (HTTP/1.0 200) 4 headers in 148 bytes (1 switches on core 0)
[pid: 27804|app: 0|req: 9/21] 192.5.200.103 () {32 vars in 436 bytes} [Wed Jan 29 15:46:41 2014] POST /services/mine-database => generated 96 bytes in 45 msecs (HTTP/1.0 200) 4 headers in 148 bytes (1 switches on core 0)
[pid: 27802|app: 0|req: 7/22] 192.5.200.103 () {32 vars in 436 bytes} [Wed Jan 29 15:46:41 2014] POST /services/mine-database => generated 97 bytes in 41 msecs (HTTP/1.0 200) 4 headers in 148 bytes (1 switches on core 0)
[pid: 27804|app: 0|req: 10/23] 192.5.200.103 () {32 vars in 436 bytes} [Wed Jan 29 15:46:41 2014] POST /services/mine-database => generated 97 bytes in 36 msecs (HTTP/1.0 200) 4 headers in 148 bytes (1 switches on core 0)
[pid: 27804|app: 0|req: 11/24] 192.5.200.103 () {32 vars in 435 bytes} [Wed Jan 29 15:46:41 2014] POST /services/mine-database => generated 120709 bytes in 5 msecs (HTTP/1.0 200) 4 headers in 152 bytes (1 switches on core 0)
[pid: 27804|app: 0|req: 12/25] 192.5.200.103 () {32 vars in 436 bytes} [Wed Jan 29 15:46:45 2014] POST /services/mine-database => generated 97 bytes in 34 msecs (HTTP/1.0 200) 4 headers in 148 bytes (1 switches on core 0)
[pid: 27805|app: 0|req: 3/26] 192.5.200.103 () {32 vars in 436 bytes} [Wed Jan 29 15:46:45 2014] POST /services/mine-database => generated 97 bytes in 36 msecs (HTTP/1.0 200) 4 headers in 148 bytes (1 switches on core 0)
[pid: 27802|app: 0|req: 8/27] 192.5.200.103 () {32 vars in 436 bytes} [Wed Jan 29 15:46:45 2014] POST /services/mine-database => generated 96 bytes in 30 msecs (HTTP/1.0 200) 4 headers in 148 bytes (1 switches on core 0)
[pid: 27802|app: 0|req: 9/28] 192.5.200.103 () {32 vars in 435 bytes} [Wed Jan 29 15:46:45 2014] POST /services/mine-database => generated 120709 bytes in 4 msecs (HTTP/1.0 200) 4 headers in 152 bytes (1 switches on core 0)
[pid: 27805|app: 0|req: 4/29] 192.5.200.103 () {32 vars in 436 bytes} [Wed Jan 29 15:47:37 2014] POST /services/mine-database => generated 97 bytes in 44 msecs (HTTP/1.0 200) 4 headers in 148 bytes (1 switches on core 0)
[pid: 27802|app: 0|req: 10/30] 192.5.200.103 () {32 vars in 436 bytes} [Wed Jan 29 15:47:37 2014] POST /services/mine-database => generated 97 bytes in 39 msecs (HTTP/1.0 200) 4 headers in 148 bytes (1 switches on core 0)
[pid: 27805|app: 0|req: 5/31] 192.5.200.103 () {32 vars in 436 bytes} [Wed Jan 29 15:47:37 2014] POST /services/mine-database => generated 97 bytes in 34 msecs (HTTP/1.0 200) 4 headers in 148 bytes (1 switches on core 0)
[pid: 27804|app: 0|req: 13/32] 192.5.200.103 () {32 vars in 435 bytes} [Wed Jan 29 15:47:37 2014] POST /services/mine-database => generated 120709 bytes in 4 msecs (HTTP/1.0 200) 4 headers in 152 bytes (1 switches on core 0)
[pid: 27804|app: 0|req: 14/33] 192.5.200.103 () {32 vars in 436 bytes} [Wed Jan 29 15:47:37 2014] POST /services/mine-database => generated 587 bytes in 3 msecs (HTTP/1.0 500) 4 headers in 168 bytes (1 switches on core 0)
